Determining if the pthread_create exist failed with the following output:
Change Dir: /home/rubytox/Documents/STAGE/2A/FINAL/build/CMakeFiles/CMakeTmp

Run Build Command:"/usr/bin/make" "cmTC_3d24f/fast"
/usr/bin/make -f CMakeFiles/cmTC_3d24f.dir/build.make CMakeFiles/cmTC_3d24f.dir/build
make[1] : on entre dans le répertoire « /home/rubytox/Documents/STAGE/2A/FINAL/build/CMakeFiles/CMakeTmp »
Building C object CMakeFiles/cmTC_3d24f.dir/CheckSymbolExists.c.o
/usr/bin/cc    -o CMakeFiles/cmTC_3d24f.dir/CheckSymbolExists.c.o   -c /home/rubytox/Documents/STAGE/2A/FINAL/build/CMakeFiles/CMakeTmp/CheckSymbolExists.c
Linking C executable cmTC_3d24f
/usr/bin/cmake -E cmake_link_script CMakeFiles/cmTC_3d24f.dir/link.txt --verbose=1
/usr/bin/cc      -rdynamic CMakeFiles/cmTC_3d24f.dir/CheckSymbolExists.c.o  -o cmTC_3d24f 
CMakeFiles/cmTC_3d24f.dir/CheckSymbolExists.c.o : Dans la fonction « main » :
CheckSymbolExists.c:(.text+0x1b) : référence indéfinie vers « pthread_create »
collect2: error: ld returned 1 exit status
CMakeFiles/cmTC_3d24f.dir/build.make:97: recipe for target 'cmTC_3d24f' failed
make[1]: *** [cmTC_3d24f] Error 1
make[1] : on quitte le répertoire « /home/rubytox/Documents/STAGE/2A/FINAL/build/CMakeFiles/CMakeTmp »
Makefile:126: recipe for target 'cmTC_3d24f/fast' failed
make: *** [cmTC_3d24f/fast] Error 2

File /home/rubytox/Documents/STAGE/2A/FINAL/build/CMakeFiles/CMakeTmp/CheckSymbolExists.c:
/* */
#include <pthread.h>

int main(int argc, char** argv)
{
  (void)argv;
#ifndef pthread_create
  return ((int*)(&pthread_create))[argc];
#else
  (void)argc;
  return 0;
#endif
}

Determining if the function pthread_create exists in the pthreads failed with the following output:
Change Dir: /home/rubytox/Documents/STAGE/2A/FINAL/build/CMakeFiles/CMakeTmp

Run Build Command:"/usr/bin/make" "cmTC_62211/fast"
/usr/bin/make -f CMakeFiles/cmTC_62211.dir/build.make CMakeFiles/cmTC_62211.dir/build
make[1] : on entre dans le répertoire « /home/rubytox/Documents/STAGE/2A/FINAL/build/CMakeFiles/CMakeTmp »
Building C object CMakeFiles/cmTC_62211.dir/CheckFunctionExists.c.o
/usr/bin/cc   -DCHECK_FUNCTION_EXISTS=pthread_create   -o CMakeFiles/cmTC_62211.dir/CheckFunctionExists.c.o   -c /usr/share/cmake-3.10/Modules/CheckFunctionExists.c
Linking C executable cmTC_62211
/usr/bin/cmake -E cmake_link_script CMakeFiles/cmTC_62211.dir/link.txt --verbose=1
/usr/bin/cc  -DCHECK_FUNCTION_EXISTS=pthread_create    -rdynamic CMakeFiles/cmTC_62211.dir/CheckFunctionExists.c.o  -o cmTC_62211 -lpthreads 
/usr/bin/ld : ne peut trouver -lpthreads
collect2: error: ld returned 1 exit status
CMakeFiles/cmTC_62211.dir/build.make:97: recipe for target 'cmTC_62211' failed
make[1]: *** [cmTC_62211] Error 1
make[1] : on quitte le répertoire « /home/rubytox/Documents/STAGE/2A/FINAL/build/CMakeFiles/CMakeTmp »
Makefile:126: recipe for target 'cmTC_62211/fast' failed
make: *** [cmTC_62211/fast] Error 2


